#
# A fatal error has been detected by the Java Runtime Environment:
#
#  EXCEPTION_PRIV_INSTRUCTION (0xc0000096) at pc=0x02302a21, pid=7856, tid=1224
#
# JRE version: Java(TM) SE Runtime Environment (8.0_45-b15) (build 1.8.0_45-b15)
# Java VM: Java HotSpot(TM) Client VM (25.45-b02 mixed mode windows-x86 )
# Problematic frame:
# j  java.lang.Class$1.run()Ljava/lang/Void;+28598156
#
# Failed to write core dump. Minidumps are not enabled by default on client versions of Windows
#
# If you would like to submit a bug report, please visit:
#   http://bugreport.java.com/bugreport/crash.jsp
#

---------------  T H R E A D  ---------------

Current thread (0x459d4800):  JavaThread "Daemon worker" [_thread_in_Java, id=1224, stack(0x46350000,0x463a0000)]

siginfo: ExceptionCode=0xc0000096

Registers:
EAX=0x00000000, EBX=0x000000b0, ECX=0x00000900, EDX=0x00000008
ESP=0x4639dd54, EBP=0x4639dd8c, ESI=0x44857e79, EDI=0x4639dd94
EIP=0x02302a21, EFLAGS=0x00010212

Top of Stack: (sp=0x4639dd54)
0x4639dd54:   4639dd94 44857e79 4639dd8c 4639dd74
0x4639dd64:   000000b0 4485fe75 44858070 4639ddfc
0x4639dd74:   02302a1b 60ed19e8 00000000 44857e80
0x4639dd84:   00000000 4639dd94 4639ddb8 02304094
0x4639dd94:   0478fa60 4639dd98 44857ed9 4639ddc0
0x4639dda4:   44858070 00000000 44857ee8 4639dd94
0x4639ddb4:   4639ddc0 4639ddd8 02300417 0478fa60
0x4639ddc4:   459d4800 00001fa0 4639df08 459d4800 

Instructions: (pc=0x02302a21)
0x02302a01:   18 1a ed 60 e8 00 00 00 00 60 e8 c0 c7 ae 5e f4
0x02302a11:   68 e8 19 ed 60 e8 00 00 00 00 60 e8 af c7 ae 5e
0x02302a21:   f4 66 90 00 00 00 00 00 00 00 00 00 00 00 00 a0
0x02302a31:   11 00 00 d4 19 ed 60 ff ff ff ff 00 00 00 00 8b 


Register to memory mapping:

EAX=0x00000000 is an unknown value
EBX=0x000000b0 is an unknown value
ECX=0x00000900 is an unknown value
EDX=0x00000008 is an unknown value
ESP=0x4639dd54 is pointing into the stack for thread: 0x459d4800
EBP=0x4639dd8c is pointing into the stack for thread: 0x459d4800
ESI=0x44857e79 is pointing into metadata
EDI=0x4639dd94 is pointing into the stack for thread: 0x459d4800


Stack: [0x46350000,0x463a0000],  sp=0x4639dd54,  free space=311k
Native frames: (J=compiled Java code, j=interpreted, Vv=VM code, C=native code)
j  java.lang.Class$1.run()Ljava/lang/Void;+28598156
j  java.lang.Class$1.run()Ljava/lang/Object;+1
v  ~StubRoutines::call_stub
V  [jvm.dll+0x155cb5]
V  [jvm.dll+0x21b12e]
V  [jvm.dll+0x155d4e]
V  [jvm.dll+0x106fbf]
C  [java.dll+0x1015]
j  java.lang.Class.newInstance()Ljava/lang/Object;+59
j  org.codehaus.groovy.runtime.metaclass.MetaClassRegistryImpl.createMetaMethodFromClass(Ljava/util/Map;Ljava/lang/Class;)V+1
j  org.codehaus.groovy.runtime.metaclass.MetaClassRegistryImpl.<init>(IZ)V+132
j  org.codehaus.groovy.runtime.metaclass.MetaClassRegistryImpl.<init>()V+3
j  groovy.lang.GroovySystem.<clinit>()V+8
v  ~StubRoutines::call_stub
V  [jvm.dll+0x155cb5]
V  [jvm.dll+0x21b12e]
V  [jvm.dll+0x155d4e]
V  [jvm.dll+0xbe8bb]
V  [jvm.dll+0xbfa67]
V  [jvm.dll+0xbfb98]
V  [jvm.dll+0x83c86]
V  [jvm.dll+0x84cb2]
V  [jvm.dll+0x802c7]
j  org.codehaus.groovy.runtime.InvokerHelper.<clinit>()V+34
v  ~StubRoutines::call_stub
V  [jvm.dll+0x155cb5]
V  [jvm.dll+0x21b12e]
V  [jvm.dll+0x155d4e]
V  [jvm.dll+0xbe8bb]
V  [jvm.dll+0xbfa67]
V  [jvm.dll+0xbfb98]
V  [jvm.dll+0x83c86]
V  [jvm.dll+0x84cb2]
V  [jvm.dll+0x802c7]
j  groovy.lang.GroovyObjectSupport.<init>()V+9
j  org.gradle.api.internal.plugins.DefaultExtraPropertiesExtension.<init>()V+1
j  org.gradle.api.internal.plugins.DefaultConvention.<init>(Lorg/gradle/internal/reflect/Instantiator;)V+44
j  org.gradle.api.internal.ExtensibleDynamicObject.<init>(Ljava/lang/Object;Lorg/gradle/api/internal/AbstractDynamicObject;Lorg/gradle/internal/reflect/Instantiator;)V+8
j  org.gradle.api.internal.AsmBackedClassGenerator$MixInExtensibleDynamicObject.<init>(Ljava/lang/Object;Lorg/gradle/api/internal/DynamicObject;)V+10
j  org.gradle.invocation.DefaultGradle_Decorated.getAsDynamicObject()Lorg/gradle/api/internal/DynamicObject;+16
j  org.gradle.invocation.DefaultGradle_Decorated.getConvention()Lorg/gradle/api/plugins/Convention;+1
j  org.gradle.invocation.DefaultGradle_Decorated.getConventionMapping()Lorg/gradle/api/internal/ConventionMapping;+16
j  org.gradle.invocation.DefaultGradle_Decorated.getServices()Lorg/gradle/internal/service/ServiceRegistry;+1
j  org.gradle.invocation.DefaultGradle_Decorated.getListenerManager()Lorg/gradle/internal/event/ListenerManager;+9
j  org.gradle.invocation.DefaultGradle.<init>(Lorg/gradle/api/invocation/Gradle;Lorg/gradle/StartParameter;Lorg/gradle/internal/service/scopes/ServiceRegistryFactory;)V+62
j  org.gradle.invocation.DefaultGradle_Decorated.<init>(Lorg/gradle/api/invocation/Gradle;Lorg/gradle/StartParameter;Lorg/gradle/internal/service/scopes/ServiceRegistryFactory;)V+4
v  ~StubRoutines::call_stub
V  [jvm.dll+0x155cb5]
V  [jvm.dll+0x21b12e]
V  [jvm.dll+0x155d4e]
V  [jvm.dll+0x16245a]
V  [jvm.dll+0x1627f1]
V  [jvm.dll+0xfff38]
C  [java.dll+0x3b36]
j  sun.reflect.NativeConstructorAccessorImpl.newInstance([Ljava/lang/Object;)Ljava/lang/Object;+85
j  sun.reflect.DelegatingConstructorAccessorImpl.newInstance([Ljava/lang/Object;)Ljava/lang/Object;+5
j  java.lang.reflect.Constructor.newInstance([Ljava/lang/Object;)Ljava/lang/Object;+79
j  org.gradle.internal.reflect.DirectInstantiator.newInstance(Ljava/lang/Class;[Ljava/lang/Object;)Ljava/lang/Object;+148
j  org.gradle.api.internal.ClassGeneratorBackedInstantiator.newInstance(Ljava/lang/Class;[Ljava/lang/Object;)Ljava/lang/Object;+19
j  org.gradle.initialization.DefaultGradleLauncherFactory.doNewInstance(Lorg/gradle/StartParameter;Lorg/gradle/initialization/BuildCancellationToken;Lorg/gradle/initialization/BuildRequestMetaData;Lorg/gradle/initialization/BuildEventConsumer;Lorg/gradle/internal/service/scopes/BuildScopeServices;)Lorg/gradle/initialization/DefaultGradleLauncher;+329
j  org.gradle.initialization.DefaultGradleLauncherFactory.newInstance(Lorg/gradle/StartParameter;Lorg/gradle/initialization/BuildRequestContext;Lorg/gradle/internal/service/ServiceRegistry;)Lorg/gradle/initialization/GradleLauncher;+67
j  org.gradle.launcher.exec.InProcessBuildActionExecuter.execute(Lorg/gradle/internal/invocation/BuildAction;Lorg/gradle/initialization/BuildRequestContext;Lorg/gradle/launcher/exec/BuildActionParameters;Lorg/gradle/internal/service/ServiceRegistry;)Ljava/lang/Object;+13
j  org.gradle.launcher.exec.InProcessBuildActionExecuter.execute(Lorg/gradle/internal/invocation/BuildAction;Lorg/gradle/initialization/BuildRequestContext;Ljava/lang/Object;Lorg/gradle/internal/service/ServiceRegistry;)Ljava/lang/Object;+9
j  org.gradle.launcher.exec.ContinuousBuildActionExecuter.execute(Lorg/gradle/internal/invocation/BuildAction;Lorg/gradle/initialization/BuildRequestContext;Lorg/gradle/launcher/exec/BuildActionParameters;Lorg/gradle/internal/service/ServiceRegistry;)Ljava/lang/Object;+70
j  org.gradle.launcher.exec.ContinuousBuildActionExecuter.execute(Lorg/gradle/internal/invocation/BuildAction;Lorg/gradle/initialization/BuildRequestContext;Ljava/lang/Object;Lorg/gradle/internal/service/ServiceRegistry;)Ljava/lang/Object;+9
j  org.gradle.launcher.daemon.server.exec.ExecuteBuild.doBuild(Lorg/gradle/launcher/daemon/server/api/DaemonCommandExecution;Lorg/gradle/launcher/daemon/protocol/Build;)V+74
j  org.gradle.launcher.daemon.server.exec.BuildCommandOnly.execute(Lorg/gradle/launcher/daemon/server/api/DaemonCommandExecution;)V+49
j  org.gradle.launcher.daemon.server.api.DaemonCommandExecution.proceed()Z+28
j  org.gradle.launcher.daemon.server.exec.WatchForDisconnection.execute(Lorg/gradle/launcher/daemon/server/api/DaemonCommandExecution;)V+19
j  org.gradle.launcher.daemon.server.api.DaemonCommandExecution.proceed()Z+28
j  org.gradle.launcher.daemon.server.exec.ResetDeprecationLogger.execute(Lorg/gradle/launcher/daemon/server/api/DaemonCommandExecution;)V+4
j  org.gradle.launcher.daemon.server.api.DaemonCommandExecution.proceed()Z+28
j  org.gradle.launcher.daemon.server.exec.RequestStopIfSingleUsedDaemon.execute(Lorg/gradle/launcher/daemon/server/api/DaemonCommandExecution;)V+31
j  org.gradle.launcher.daemon.server.api.DaemonCommandExecution.proceed()Z+28
j  org.gradle.launcher.daemon.server.exec.ForwardClientInput$2.call()Ljava/lang/Void;+4
j  org.gradle.launcher.daemon.server.exec.ForwardClientInput$2.call()Ljava/lang/Object;+1
j  org.gradle.util.Swapper.swap(Ljava/lang/Object;Ljava/util/concurrent/Callable;)Ljava/lang/Object;+21
j  org.gradle.launcher.daemon.server.exec.ForwardClientInput.execute(Lorg/gradle/launcher/daemon/server/api/DaemonCommandExecution;)V+63
j  org.gradle.launcher.daemon.server.api.DaemonCommandExecution.proceed()Z+28
j  org.gradle.launcher.daemon.server.health.DaemonHealthTracker.execute(Lorg/gradle/launcher/daemon/server/api/DaemonCommandExecution;)V+35
j  org.gradle.launcher.daemon.server.api.DaemonCommandExecution.proceed()Z+28
j  org.gradle.launcher.daemon.server.exec.LogToClient.doBuild(Lorg/gradle/launcher/daemon/server/api/DaemonCommandExecution;Lorg/gradle/launcher/daemon/protocol/Build;)V+106
j  org.gradle.launcher.daemon.server.exec.BuildCommandOnly.execute(Lorg/gradle/launcher/daemon/server/api/DaemonCommandExecution;)V+49
j  org.gradle.launcher.daemon.server.api.DaemonCommandExecution.proceed()Z+28
j  org.gradle.launcher.daemon.server.exec.EstablishBuildEnvironment.doBuild(Lorg/gradle/launcher/daemon/server/api/DaemonCommandExecution;Lorg/gradle/launcher/daemon/protocol/Build;)V+243
j  org.gradle.launcher.daemon.server.exec.BuildCommandOnly.execute(Lorg/gradle/launcher/daemon/server/api/DaemonCommandExecution;)V+49
j  org.gradle.launcher.daemon.server.api.DaemonCommandExecution.proceed()Z+28
j  org.gradle.launcher.daemon.server.health.HintGCAfterBuild.execute(Lorg/gradle/launcher/daemon/server/api/DaemonCommandExecution;)V+1
j  org.gradle.launcher.daemon.server.api.DaemonCommandExecution.proceed()Z+28
j  org.gradle.launcher.daemon.server.exec.StartBuildOrRespondWithBusy$1.run()V+44
j  org.gradle.launcher.daemon.server.DaemonStateCoordinator$1.run()V+4
j  org.gradle.internal.concurrent.ExecutorPolicy$CatchAndRecordFailures.onExecute(Ljava/lang/Runnable;)V+1
j  org.gradle.internal.concurrent.StoppableExecutorImpl$1.run()V+25
j  java.util.concurrent.ThreadPoolExecutor.runWorker(Ljava/util/concurrent/ThreadPoolExecutor$Worker;)V+95
j  java.util.concurrent.ThreadPoolExecutor$Worker.run()V+5
j  java.lang.Thread.run()V+11
v  ~StubRoutines::call_stub
V  [jvm.dll+0x155cb5]
V  [jvm.dll+0x21b12e]
V  [jvm.dll+0x155d4e]
...<more frames>...


---------------  P R O C E S S  ---------------

Java Threads: ( => current thread )
  0x459cc000 JavaThread "Stdin handler" [_thread_blocked, id=4672, stack(0x463a0000,0x463f0000)]
=>0x459d4800 JavaThread "Daemon worker" [_thread_in_Java, id=1224, stack(0x46350000,0x463a0000)]
  0x459d4400 JavaThread "Cancel handler" [_thread_blocked, id=7916, stack(0x46300000,0x46350000)]
  0x459ce000 JavaThread "Handler for socket connection from /127.0.0.1:58798 to /127.0.0.1:58799" [_thread_in_native, id=6596, stack(0x45460000,0x454b0000)]
  0x459ca400 JavaThread "Daemon" [_thread_blocked, id=4436, stack(0x45410000,0x45460000)]
  0x45991c00 JavaThread "Incoming local TCP Connector on port 58798" [_thread_in_native, id=1012, stack(0x453c0000,0x45410000)]
  0x44c1b800 JavaThread "Service Thread" daemon [_thread_blocked, id=3748, stack(0x44e20000,0x44e70000)]
  0x44c09400 JavaThread "C1 CompilerThread0" daemon [_thread_blocked, id=5648, stack(0x44dd0000,0x44e20000)]
  0x44c07c00 JavaThread "Attach Listener" daemon [_thread_blocked, id=7756, stack(0x043a0000,0x043f0000)]
  0x44c05c00 JavaThread "Signal Dispatcher" daemon [_thread_blocked, id=6196, stack(0x04350000,0x043a0000)]
  0x44bd3400 JavaThread "Finalizer" daemon [_thread_blocked, id=6032, stack(0x04300000,0x04350000)]
  0x44bd2400 JavaThread "Reference Handler" daemon [_thread_blocked, id=7504, stack(0x02190000,0x021e0000)]
  0x0218cc00 JavaThread "main" [_thread_blocked, id=5264, stack(0x02030000,0x02080000)]

Other Threads:
  0x022fd400 VMThread [stack: 0x02130000,0x02180000] [id=5988]
  0x44c03800 WatcherThread [stack: 0x44e70000,0x44ec0000] [id=4600]

VM state:not at safepoint (normal execution)

VM Mutex/Monitor currently owned by a thread: None

Heap:
 def new generation   total 4928K, used 4300K [0x04400000, 0x04950000, 0x19950000)
  eden space 4416K,  85% used [0x04400000, 0x047b3270, 0x04850000)
  from space 512K, 100% used [0x048d0000, 0x04950000, 0x04950000)
  to   space 512K,   0% used [0x04850000, 0x04850000, 0x048d0000)
 tenured generation   total 10944K, used 5089K [0x19950000, 0x1a400000, 0x44400000)
   the space 10944K,  46% used [0x19950000, 0x19e48760, 0x19e48800, 0x1a400000)
 Metaspace       used 8218K, capacity 8421K, committed 8448K, reserved 8576K

Card table byte_map: [0x44400000,0x44610000] byte_map_base: 0x443de000

Polling page: 0x02080000

CodeCache: size=32768Kb used=1409Kb max_used=1417Kb free=31358Kb
 bounds [0x02300000, 0x02468000, 0x04300000]
 total_blobs=789 nmethods=610 adapters=111
 compilation: enabled

Compilation events (10 events):
Event: 7.690 Thread 0x44c09400  614             org.codehaus.groovy.reflection.CachedClass::hashCode (33 bytes)
Event: 7.690 Thread 0x44c09400 nmethod 614 0x02461488 code [0x02461580, 0x0246163c]
Event: 7.870 Thread 0x44c09400  615             java.util.jar.Manifest::getMainAttributes (5 bytes)
Event: 7.870 Thread 0x44c09400 nmethod 615 0x024617c8 code [0x024618c0, 0x02461940]
Event: 7.881 Thread 0x44c09400  616             java.util.jar.JarFile::getManifestFromReference (113 bytes)
Event: 7.883 Thread 0x44c09400 nmethod 616 0x02461988 code [0x02461b30, 0x02462190]
Event: 7.883 Thread 0x44c09400  617             java.util.jar.Manifest::getAttributes (14 bytes)
Event: 7.884 Thread 0x44c09400 nmethod 617 0x024626c8 code [0x024627d0, 0x0246288c]
Event: 7.884 Thread 0x44c09400  618             java.util.jar.Manifest::getEntries (5 bytes)
Event: 7.884 Thread 0x44c09400 nmethod 618 0x024512c8 code [0x024513c0, 0x02451440]

GC Heap History (10 events):
Event: 4.206 GC heap before
{Heap before GC invocations=8 (full 0):
 def new generation   total 4928K, used 4928K [0x04400000, 0x04950000, 0x19950000)
  eden space 4416K, 100% used [0x04400000, 0x04850000, 0x04850000)
  from space 512K, 100% used [0x04850000, 0x048d0000, 0x048d0000)
  to   space 512K,   0% used [0x048d0000, 0x048d0000, 0x04950000)
 tenured generation   total 10944K, used 2847K [0x19950000, 0x1a400000, 0x44400000)
   the space 10944K,  26% used [0x19950000, 0x19c17d28, 0x19c17e00, 0x1a400000)
 Metaspace       used 6166K, capacity 6343K, committed 6400K, reserved 6528K
Event: 4.212 GC heap after
Heap after GC invocations=9 (full 0):
 def new generation   total 4928K, used 512K [0x04400000, 0x04950000, 0x19950000)
  eden space 4416K,   0% used [0x04400000, 0x04400000, 0x04850000)
  from space 512K, 100% used [0x048d0000, 0x04950000, 0x04950000)
  to   space 512K,   0% used [0x04850000, 0x04850000, 0x048d0000)
 tenured generation   total 10944K, used 3415K [0x19950000, 0x1a400000, 0x44400000)
   the space 10944K,  31% used [0x19950000, 0x19ca5f58, 0x19ca6000, 0x1a400000)
 Metaspace       used 6166K, capacity 6343K, committed 6400K, reserved 6528K
}
Event: 5.138 GC heap before
{Heap before GC invocations=9 (full 0):
 def new generation   total 4928K, used 4928K [0x04400000, 0x04950000, 0x19950000)
  eden space 4416K, 100% used [0x04400000, 0x04850000, 0x04850000)
  from space 512K, 100% used [0x048d0000, 0x04950000, 0x04950000)
  to   space 512K,   0% used [0x04850000, 0x04850000, 0x048d0000)
 tenured generation   total 10944K, used 3415K [0x19950000, 0x1a400000, 0x44400000)
   the space 10944K,  31% used [0x19950000, 0x19ca5f58, 0x19ca6000, 0x1a400000)
 Metaspace       used 6583K, capacity 6821K, committed 6912K, reserved 7552K
Event: 5.146 GC heap after
Heap after GC invocations=10 (full 0):
 def new generation   total 4928K, used 511K [0x04400000, 0x04950000, 0x19950000)
  eden space 4416K,   0% used [0x04400000, 0x04400000, 0x04850000)
  from space 512K,  99% used [0x04850000, 0x048cfff8, 0x048d0000)
  to   space 512K,   0% used [0x048d0000, 0x048d0000, 0x04950000)
 tenured generation   total 10944K, used 4102K [0x19950000, 0x1a400000, 0x44400000)
   the space 10944K,  37% used [0x19950000, 0x19d51b68, 0x19d51c00, 0x1a400000)
 Metaspace       used 6583K, capacity 6821K, committed 6912K, reserved 7552K
}
Event: 5.847 GC heap before
{Heap before GC invocations=10 (full 0):
 def new generation   total 4928K, used 4927K [0x04400000, 0x04950000, 0x19950000)
  eden space 4416K, 100% used [0x04400000, 0x04850000, 0x04850000)
  from space 512K,  99% used [0x04850000, 0x048cfff8, 0x048d0000)
  to   space 512K,   0% used [0x048d0000, 0x048d0000, 0x04950000)
 tenured generation   total 10944K, used 4102K [0x19950000, 0x1a400000, 0x44400000)
   the space 10944K,  37% used [0x19950000, 0x19d51b68, 0x19d51c00, 0x1a400000)
 Metaspace       used 6707K, capacity 6917K, committed 7040K, reserved 7552K
Event: 5.850 GC heap after
Heap after GC invocations=11 (full 0):
 def new generation   total 4928K, used 337K [0x04400000, 0x04950000, 0x19950000)
  eden space 4416K,   0% used [0x04400000, 0x04400000, 0x04850000)
  from space 512K,  65% used [0x048d0000, 0x04924748, 0x04950000)
  to   space 512K,   0% used [0x04850000, 0x04850000, 0x048d0000)
 tenured generation   total 10944K, used 4354K [0x19950000, 0x1a400000, 0x44400000)
   the space 10944K,  39% used [0x19950000, 0x19d90b78, 0x19d90c00, 0x1a400000)
 Metaspace       used 6707K, capacity 6917K, committed 7040K, reserved 7552K
}
Event: 6.481 GC heap before
{Heap before GC invocations=11 (full 0):
 def new generation   total 4928K, used 4753K [0x04400000, 0x04950000, 0x19950000)
  eden space 4416K, 100% used [0x04400000, 0x04850000, 0x04850000)
  from space 512K,  65% used [0x048d0000, 0x04924748, 0x04950000)
  to   space 512K,   0% used [0x04850000, 0x04850000, 0x048d0000)
 tenured generation   total 10944K, used 4354K [0x19950000, 0x1a400000, 0x44400000)
   the space 10944K,  39% used [0x19950000, 0x19d90b78, 0x19d90c00, 0x1a400000)
 Metaspace       used 7090K, capacity 7333K, committed 7424K, reserved 7552K
Event: 6.485 GC heap after
Heap after GC invocations=12 (full 0):
 def new generation   total 4928K, used 511K [0x04400000, 0x04950000, 0x19950000)
  eden space 4416K,   0% used [0x04400000, 0x04400000, 0x04850000)
  from space 512K,  99% used [0x04850000, 0x048cfff8, 0x048d0000)
  to   space 512K,   0% used [0x048d0000, 0x048d0000, 0x04950000)
 tenured generation   total 10944K, used 4533K [0x19950000, 0x1a400000, 0x44400000)
   the space 10944K,  41% used [0x19950000, 0x19dbd5f8, 0x19dbd600, 0x1a400000)
 Metaspace       used 7090K, capacity 7333K, committed 7424K, reserved 7552K
}
Event: 7.519 GC heap before
{Heap before GC invocations=12 (full 0):
 def new generation   total 4928K, used 4927K [0x04400000, 0x04950000, 0x19950000)
  eden space 4416K, 100% used [0x04400000, 0x04850000, 0x04850000)
  from space 512K,  99% used [0x04850000, 0x048cfff8, 0x048d0000)
  to   space 512K,   0% used [0x048d0000, 0x048d0000, 0x04950000)
 tenured generation   total 10944K, used 4533K [0x19950000, 0x1a400000, 0x44400000)
   the space 10944K,  41% used [0x19950000, 0x19dbd5f8, 0x19dbd600, 0x1a400000)
 Metaspace       used 7598K, capacity 7813K, committed 7936K, reserved 8576K
Event: 7.524 GC heap after
Heap after GC invocations=13 (full 0):
 def new generation   total 4928K, used 512K [0x04400000, 0x04950000, 0x19950000)
  eden space 4416K,   0% used [0x04400000, 0x04400000, 0x04850000)
  from space 512K, 100% used [0x048d0000, 0x04950000, 0x04950000)
  to   space 512K,   0% used [0x04850000, 0x04850000, 0x048d0000)
 tenured generation   total 10944K, used 5089K [0x19950000, 0x1a400000, 0x44400000)
   the space 10944K,  46% used [0x19950000, 0x19e48760, 0x19e48800, 0x1a400000)
 Metaspace       used 7598K, capacity 7813K, committed 7936K, reserved 8576K
}

Deoptimization events (0 events):
No events

Internal exceptions (10 events):
Event: 4.645 Thread 0x459d4800 Exception <a 'java/lang/ArrayIndexOutOfBoundsException'> (0x0479d9b0) thrown at [C:\re\workspace\8-2-build-windows-i586-cygwin\jdk8u45\3627\hotspot\src\share\vm\runtime\sharedRuntime.cpp, line 605]
Event: 4.730 Thread 0x459d4800 Exception <a 'java/lang/ArrayIndexOutOfBoundsException'> (0x0479f6c8) thrown at [C:\re\workspace\8-2-build-windows-i586-cygwin\jdk8u45\3627\hotspot\src\share\vm\runtime\sharedRuntime.cpp, line 605]
Event: 5.059 Thread 0x459d4800 Exception <a 'java/lang/ArrayIndexOutOfBoundsException'> (0x04844ba0) thrown at [C:\re\workspace\8-2-build-windows-i586-cygwin\jdk8u45\3627\hotspot\src\share\vm\runtime\sharedRuntime.cpp, line 605]
Event: 5.310 Thread 0x459d4800 Exception <a 'java/lang/ArrayIndexOutOfBoundsException'> (0x0440d470) thrown at [C:\re\workspace\8-2-build-windows-i586-cygwin\jdk8u45\3627\hotspot\src\share\vm\runtime\sharedRuntime.cpp, line 605]
Event: 5.310 Thread 0x459d4800 Exception <a 'java/lang/ArrayIndexOutOfBoundsException'> (0x0440edf0) thrown at [C:\re\workspace\8-2-build-windows-i586-cygwin\jdk8u45\3627\hotspot\src\share\vm\runtime\sharedRuntime.cpp, line 605]
Event: 5.551 Thread 0x459d4800 Exception <a 'java/lang/ArrayIndexOutOfBoundsException'> (0x045bc9b0) thrown at [C:\re\workspace\8-2-build-windows-i586-cygwin\jdk8u45\3627\hotspot\src\share\vm\runtime\sharedRuntime.cpp, line 605]
Event: 5.590 Thread 0x459d4800 Exception <a 'java/lang/ArrayIndexOutOfBoundsException'> (0x045d0280) thrown at [C:\re\workspace\8-2-build-windows-i586-cygwin\jdk8u45\3627\hotspot\src\share\vm\runtime\sharedRuntime.cpp, line 605]
Event: 5.590 Thread 0x459d4800 Exception <a 'java/lang/ArrayIndexOutOfBoundsException'> (0x045d2688) thrown at [C:\re\workspace\8-2-build-windows-i586-cygwin\jdk8u45\3627\hotspot\src\share\vm\runtime\sharedRuntime.cpp, line 605]
Event: 5.836 Thread 0x459d4800 Exception <a 'java/lang/ArrayIndexOutOfBoundsException'> (0x047bdf90) thrown at [C:\re\workspace\8-2-build-windows-i586-cygwin\jdk8u45\3627\hotspot\src\share\vm\runtime\sharedRuntime.cpp, line 605]
Event: 6.133 Thread 0x459d4800 Exception <a 'java/lang/ArrayIndexOutOfBoundsException'> (0x0456b900) thrown at [C:\re\workspace\8-2-build-windows-i586-cygwin\jdk8u45\3627\hotspot\src\share\vm\runtime\sharedRuntime.cpp, line 605]

Events (10 events):
Event: 7.889 loading class org/codehaus/groovy/runtime/IOGroovyMethods
Event: 7.889 loading class org/codehaus/groovy/runtime/IOGroovyMethods done
Event: 7.891 loading class org/codehaus/groovy/runtime/ProcessGroovyMethods
Event: 7.891 loading class org/codehaus/groovy/runtime/ProcessGroovyMethods done
Event: 7.892 loading class org/codehaus/groovy/runtime/ResourceGroovyMethods
Event: 7.892 loading class org/codehaus/groovy/runtime/ResourceGroovyMethods done
Event: 7.895 loading class org/codehaus/groovy/runtime/SocketGroovyMethods
Event: 7.895 loading class org/codehaus/groovy/runtime/SocketGroovyMethods done
Event: 7.896 loading class org/codehaus/groovy/runtime/StringGroovyMethods
Event: 7.896 loading class org/codehaus/groovy/runtime/StringGroovyMethods done


Dynamic libraries:
0x00090000 - 0x000c3000 	C:\Program Files\Java\jdk1.8.0_45\bin\java.exe
0x77650000 - 0x777c9000 	C:\WINDOWS\SYSTEM32\ntdll.dll
0x772d0000 - 0x77365000 	C:\WINDOWS\system32\KERNEL32.DLL
0x74dd0000 - 0x74f47000 	C:\WINDOWS\system32\KERNELBASE.dll
0x73090000 - 0x73121000 	C:\WINDOWS\system32\apphelp.dll
0x756f0000 - 0x7576b000 	C:\WINDOWS\system32\ADVAPI32.dll
0x751d0000 - 0x7528e000 	C:\WINDOWS\system32\msvcrt.dll
0x77370000 - 0x773b3000 	C:\WINDOWS\system32\sechost.dll
0x75310000 - 0x753d2000 	C:\WINDOWS\system32\RPCRT4.dll
0x76e00000 - 0x76f34000 	C:\WINDOWS\system32\USER32.dll
0x774f0000 - 0x77645000 	C:\WINDOWS\system32\GDI32.dll
0x6ab20000 - 0x6ad29000 	C:\WINDOWS\WinSxS\x86_microsoft.windows.common-controls_6595b64144ccf1df_6.0.10240.16384_none_3bccb1ff6bcd1849\COMCTL32.dll
0x753e0000 - 0x7540f000 	C:\WINDOWS\system32\IMM32.DLL
0x755d0000 - 0x756f0000 	C:\WINDOWS\system32\MSCTF.dll
0x65fb0000 - 0x6606f000 	C:\Program Files\Java\jdk1.8.0_45\jre\bin\msvcr100.dll
0x60c00000 - 0x60fc0000 	C:\Program Files\Java\jdk1.8.0_45\jre\bin\client\jvm.dll
0x77410000 - 0x77416000 	C:\WINDOWS\system32\PSAPI.DLL
0x6dfd0000 - 0x6dfd8000 	C:\WINDOWS\SYSTEM32\WSOCK32.dll
0x75290000 - 0x752ec000 	C:\WINDOWS\system32\WS2_32.dll
0x772c0000 - 0x772c7000 	C:\WINDOWS\system32\NSI.dll
0x72f00000 - 0x72f24000 	C:\WINDOWS\SYSTEM32\WINMM.dll
0x72070000 - 0x72078000 	C:\WINDOWS\SYSTEM32\VERSION.dll
0x72eb0000 - 0x72ed3000 	C:\WINDOWS\SYSTEM32\WINMMBASE.dll
0x74f50000 - 0x74f86000 	C:\WINDOWS\system32\cfgmgr32.dll
0x745c0000 - 0x745e1000 	C:\WINDOWS\SYSTEM32\DEVOBJ.dll
0x73020000 - 0x7302c000 	C:\Program Files\Java\jdk1.8.0_45\jre\bin\verify.dll
0x6ad90000 - 0x6adb1000 	C:\Program Files\Java\jdk1.8.0_45\jre\bin\java.dll
0x6ad70000 - 0x6ad83000 	C:\Program Files\Java\jdk1.8.0_45\jre\bin\zip.dll
0x758f0000 - 0x76cae000 	C:\WINDOWS\system32\SHELL32.dll
0x748f0000 - 0x74dcc000 	C:\WINDOWS\system32\windows.storage.dll
0x75410000 - 0x755ca000 	C:\WINDOWS\system32\combase.dll
0x773c0000 - 0x77404000 	C:\WINDOWS\system32\shlwapi.dll
0x747f0000 - 0x747fc000 	C:\WINDOWS\system32\kernel.appcore.dll
0x75860000 - 0x758ed000 	C:\WINDOWS\system32\shcore.dll
0x74780000 - 0x747c4000 	C:\WINDOWS\system32\powrprof.dll
0x747e0000 - 0x747ef000 	C:\WINDOWS\system32\profapi.dll
0x6ad50000 - 0x6ad65000 	C:\Program Files\Java\jdk1.8.0_45\jre\bin\net.dll
0x73ec0000 - 0x73f10000 	C:\WINDOWS\system32\mswsock.dll
0x71fe0000 - 0x71fef000 	C:\Program Files\Java\jdk1.8.0_45\jre\bin\nio.dll
0x709d0000 - 0x709de000 	C:\Users\Notebook\.gradle\native\19\windows-i386\native-platform.dll
0x6fcf0000 - 0x6fd20000 	C:\WINDOWS\SYSTEM32\IPHLPAPI.DLL
0x6fce0000 - 0x6fce8000 	C:\WINDOWS\SYSTEM32\WINNSI.DLL
0x6fbe0000 - 0x6fbf3000 	C:\WINDOWS\SYSTEM32\dhcpcsvc6.DLL
0x6fbc0000 - 0x6fbd4000 	C:\WINDOWS\SYSTEM32\dhcpcsvc.DLL
0x73f10000 - 0x73f23000 	C:\WINDOWS\SYSTEM32\CRYPTSP.dll
0x74260000 - 0x7427d000 	C:\WINDOWS\SYSTEM32\bcrypt.dll
0x73bf0000 - 0x73c1f000 	C:\WINDOWS\system32\rsaenh.dll
0x73d50000 - 0x73d69000 	C:\WINDOWS\SYSTEM32\USERENV.dll
0x74620000 - 0x74679000 	C:\WINDOWS\system32\bcryptprimitives.dll
0x74040000 - 0x7404a000 	C:\WINDOWS\SYSTEM32\CRYPTBASE.dll
0x61740000 - 0x6187f000 	C:\WINDOWS\SYSTEM32\dbghelp.dll

VM Arguments:
jvm_args: -XX:MaxPermSize=256m -XX:+HeapDumpOnOutOfMemoryError -Xmx1024m -Dfile.encoding=windows-1252 -Duser.country=BR -Duser.language=pt -Duser.variant 
java_command: org.gradle.launcher.daemon.bootstrap.GradleDaemon 2.8
java_class_path (initial): C:\Program Files\Android\Android Studio\gradle\gradle-2.8\lib\gradle-launcher-2.8.jar
Launcher Type: SUN_STANDARD

Environment Variables:
JAVA_HOME=C:\Program Files\Java\jdk1.8.0_45
PATH=C:\ProgramData\Oracle\Java\javapath;C:\WINDOWS\system32;C:\WINDOWS;C:\WINDOWS\System32\Wbem;C:\WINDOWS\System32\WindowsPowerShell\v1.0\;C:\Program Files\Skype\Phone\;C:\Program Files\git\cmd;C:\Program Files\Git\cmd
USERNAME=Notebook
OS=Windows_NT
PROCESSOR_IDENTIFIER=x86 Family 6 Model 15 Stepping 13, GenuineIntel



---------------  S Y S T E M  ---------------

OS: Windows 10.0 Build 10240 (10.0.10240.16384)

CPU:total 2 (2 cores per cpu, 1 threads per core) family 6 model 15 stepping 13, cmov, cx8, fxsr, mmx, sse, sse2, sse3, ssse3, tsc

Memory: 4k page, physical 2088096k(697664k free), swap 4185248k(1906572k free)

vm_info: Java HotSpot(TM) Client VM (25.45-b02) for windows-x86 JRE (1.8.0_45-b15), built on Apr 30 2015 12:31:00 by "java_re" with MS VC++ 10.0 (VS2010)

time: Sat Apr 23 12:35:34 2016
elapsed time: 8 seconds (0d 0h 0m 8s)

